# JRE version: Java(TM) SE Runtime Environment (17.0.9+11) (build 17.0.9+11-LTS-201)
# Java VM: Java HotSpot(TM) 64-Bit Server VM (17.0.9+11-LTS-201, mixed mode, sharing, tiered, compressed oops, compressed class ptrs, g1 gc, windows-amd64)
GC Precious Log:
 CPUs: 4 total, 4 available
 Memory: 8055M
 Large Page Support: Disabled
 NUMA Support: Disabled
 Compressed Oops: Enabled (32-bit)
 Heap Region Size: 1M
 Heap Min Capacity: 8M
 Heap Initial Capacity: 126M
 Heap Max Capacity: 2014M
 Pre-touch: Disabled
 Parallel Workers: 4
 Concurrent Workers: 1
 Concurrent Refinement Workers: 4
 Periodic GC: Disabled
Heap:
 garbage-first heap   total 228352K, used 144380K [0x0000000082200000, 0x0000000100000000)
  region size 1024K, 63 young (64512K), 12 survivors (12288K)
 Metaspace       used 69415K, committed 69760K, reserved 1114112K
  class space    used 7880K, committed 8000K, reserved 1048576K
GC Heap History (20 events):
Event: 8.456 GC heap before
{Heap before GC invocations=10 (full 0):
 garbage-first heap   total 78848K, used 59345K [0x0000000082200000, 0x0000000100000000)
  region size 1024K, 28 young (28672K), 4 survivors (4096K)
 Metaspace       used 43605K, committed 43840K, reserved 1114112K
  class space    used 5329K, committed 5440K, reserved 1048576K
}
Event: 8.469 GC heap after
{Heap after GC invocations=11 (full 0):
 garbage-first heap   total 78848K, used 40087K [0x0000000082200000, 0x0000000100000000)
  region size 1024K, 4 young (4096K), 4 survivors (4096K)
 Metaspace       used 43605K, committed 43840K, reserved 1114112K
  class space    used 5329K, committed 5440K, reserved 1048576K
}
Event: 9.035 GC heap before
{Heap before GC invocations=11 (full 0):
 garbage-first heap   total 78848K, used 59543K [0x0000000082200000, 0x0000000100000000)
  region size 1024K, 23 young (23552K), 4 survivors (4096K)
 Metaspace       used 45666K, committed 45952K, reserved 1114112K
  class space    used 5616K, committed 5760K, reserved 1048576K
}
Event: 9.048 GC heap after
{Heap after GC invocations=12 (full 0):
 garbage-first heap   total 78848K, used 44636K [0x0000000082200000, 0x0000000100000000)
  region size 1024K, 3 young (3072K), 3 survivors (3072K)
 Metaspace       used 45666K, committed 45952K, reserved 1114112K
  class space    used 5616K, committed 5760K, reserved 1048576K
}
Event: 9.378 GC heap before
{Heap before GC invocations=13 (full 0):
 garbage-first heap   total 81920K, used 59996K [0x0000000082200000, 0x0000000100000000)
  region size 1024K, 18 young (18432K), 3 survivors (3072K)
 Metaspace       used 46937K, committed 47232K, reserved 1114112K
  class space    used 5762K, committed 5888K, reserved 1048576K
}
Event: 9.390 GC heap after
{Heap after GC invocations=14 (full 0):
 garbage-first heap   total 81920K, used 48262K [0x0000000082200000, 0x0000000100000000)
  region size 1024K, 3 young (3072K), 3 survivors (3072K)
 Metaspace       used 46937K, committed 47232K, reserved 1114112K
  class space    used 5762K, committed 5888K, reserved 1048576K
}
Event: 9.393 GC heap before
{Heap before GC invocations=14 (full 0):
 garbage-first heap   total 81920K, used 49286K [0x0000000082200000, 0x0000000100000000)
  region size 1024K, 4 young (4096K), 3 survivors (3072K)
 Metaspace       used 46937K, committed 47232K, reserved 1114112K
  class space    used 5762K, committed 5888K, reserved 1048576K
}
Event: 9.401 GC heap after
{Heap after GC invocations=15 (full 0):
 garbage-first heap   total 81920K, used 48637K [0x0000000082200000, 0x0000000100000000)
  region size 1024K, 1 young (1024K), 1 survivors (1024K)
 Metaspace       used 46937K, committed 47232K, reserved 1114112K
  class space    used 5762K, committed 5888K, reserved 1048576K
}
Event: 9.512 GC heap before
{Heap before GC invocations=15 (full 0):
 garbage-first heap   total 81920K, used 63997K [0x0000000082200000, 0x0000000100000000)
  region size 1024K, 16 young (16384K), 1 survivors (1024K)
 Metaspace       used 46984K, committed 47232K, reserved 1114112K
  class space    used 5764K, committed 5888K, reserved 1048576K
}
Event: 9.519 GC heap after
{Heap after GC invocations=16 (full 0):
 garbage-first heap   total 81920K, used 50986K [0x0000000082200000, 0x0000000100000000)
  region size 1024K, 2 young (2048K), 2 survivors (2048K)
 Metaspace       used 46984K, committed 47232K, reserved 1114112K
  class space    used 5764K, committed 5888K, reserved 1048576K
}
Event: 9.836 GC heap before
{Heap before GC invocations=17 (full 0):
 garbage-first heap   total 91136K, used 64298K [0x0000000082200000, 0x0000000100000000)
  region size 1024K, 15 young (15360K), 2 survivors (2048K)
 Metaspace       used 47686K, committed 48000K, reserved 1114112K
  class space    used 5841K, committed 5952K, reserved 1048576K
}
Event: 9.846 GC heap after
{Heap after GC invocations=18 (full 0):
 garbage-first heap   total 91136K, used 52282K [0x0000000082200000, 0x0000000100000000)
  region size 1024K, 2 young (2048K), 2 survivors (2048K)
 Metaspace       used 47686K, committed 48000K, reserved 1114112K
  class space    used 5841K, committed 5952K, reserved 1048576K
}
Event: 9.897 GC heap before
{Heap before GC invocations=18 (full 0):
 garbage-first heap   total 91136K, used 54330K [0x0000000082200000, 0x0000000100000000)
  region size 1024K, 4 young (4096K), 2 survivors (2048K)
 Metaspace       used 47972K, committed 48320K, reserved 1114112K
  class space    used 5874K, committed 6016K, reserved 1048576K
}
Event: 9.903 GC heap after
{Heap after GC invocations=19 (full 0):
 garbage-first heap   total 228352K, used 52158K [0x0000000082200000, 0x0000000100000000)
  region size 1024K, 1 young (1024K), 1 survivors (1024K)
 Metaspace       used 47972K, committed 48320K, reserved 1114112K
  class space    used 5874K, committed 6016K, reserved 1048576K
}
Event: 14.203 GC heap before
{Heap before GC invocations=19 (full 0):
 garbage-first heap   total 228352K, used 150462K [0x0000000082200000, 0x0000000100000000)
  region size 1024K, 97 young (99328K), 1 survivors (1024K)
 Metaspace       used 54940K, committed 55232K, reserved 1114112K
  class space    used 6552K, committed 6656K, reserved 1048576K
}
Event: 14.228 GC heap after
{Heap after GC invocations=20 (full 0):
 garbage-first heap   total 228352K, used 65794K [0x0000000082200000, 0x0000000100000000)
  region size 1024K, 13 young (13312K), 13 survivors (13312K)
 Metaspace       used 54940K, committed 55232K, reserved 1114112K
  class space    used 6552K, committed 6656K, reserved 1048576K
}
Event: 16.800 GC heap before
{Heap before GC invocations=20 (full 0):
 garbage-first heap   total 228352K, used 153858K [0x0000000082200000, 0x0000000100000000)
  region size 1024K, 99 young (101376K), 13 survivors (13312K)
 Metaspace       used 58960K, committed 59264K, reserved 1114112K
  class space    used 6912K, committed 7040K, reserved 1048576K
}
Event: 16.843 GC heap after
{Heap after GC invocations=21 (full 0):
 garbage-first heap   total 228352K, used 79413K [0x0000000082200000, 0x0000000100000000)
  region size 1024K, 13 young (13312K), 13 survivors (13312K)
 Metaspace       used 58960K, committed 59264K, reserved 1114112K
  class space    used 6912K, committed 7040K, reserved 1048576K
}
Event: 20.152 GC heap before
{Heap before GC invocations=21 (full 0):
 garbage-first heap   total 228352K, used 161333K [0x0000000082200000, 0x0000000100000000)
  region size 1024K, 93 young (95232K), 13 survivors (13312K)
 Metaspace       used 65765K, committed 66112K, reserved 1114112K
  class space    used 7534K, committed 7680K, reserved 1048576K
}
Event: 20.199 GC heap after
{Heap after GC invocations=22 (full 0):
 garbage-first heap   total 228352K, used 93180K [0x0000000082200000, 0x0000000100000000)
  region size 1024K, 12 young (12288K), 12 survivors (12288K)
 Metaspace       used 65765K, committed 66112K, reserved 1114112K
  class space    used 7534K, committed 7680K, reserved 1048576K
}

